Started GET "/" for ::1 at 2023-09-26 12:00:02 -0300
Processing by Rails::WelcomeController#index as HTML
  Rendering C:/Users/rodri/.local/share/gem/ruby/3.2.0/gems/railties-7.0.8/lib/rails/templates/rails/welcome/index.html.erb
  Rendered C:/Users/rodri/.local/share/gem/ruby/3.2.0/gems/railties-7.0.8/lib/rails/templates/rails/welcome/index.html.erb (Duration: 39.1ms | Allocations: 718)
Completed 200 OK in 121ms (Views: 56.5ms | ActiveRecord: 0.0ms | Allocations: 8734)


Started GET "/pages/hello" for ::1 at 2023-09-26 12:04:24 -0300
Processing by PagesController#hello as HTML
  Rendering layout layouts/application.html.erb
  Rendering pages/hello.html.erb within layouts/application
  Rendered pages/hello.html.erb within layouts/application (Duration: 9.3ms | Allocations: 101)
  Rendered layout layouts/application.html.erb (Duration: 564.4ms | Allocations: 60036)
Completed 500 Internal Server Error in 577ms (ActiveRecord: 0.0ms | Allocations: 61091)


  
ActionView::Template::Error (Permission denied @ rb_file_s_rename - (C:/Users/rodri/OneDrive/Documentos/all-microverse-projects/hellorails/tmp/cache/assets/sprockets/v4.0.0/Jb/JbqrMze517c3oKs6yZXXOIoX5EsZRHQuDG_ZjVzIvUE.cache.14140.3276.438158, C:/Users/rodri/OneDrive/Documentos/all-microverse-projects/hellorails/tmp/cache/assets/sprockets/v4.0.0/Jb/JbqrMze517c3oKs6yZXXOIoX5EsZRHQuDG_ZjVzIvUE.cache)):
  
sprockets (4.2.1) lib/sprockets/path_utils.rb:362:in `rename'
sprockets (4.2.1) lib/sprockets/path_utils.rb:362:in `atomic_write'
sprockets (4.2.1) lib/sprockets/cache/file_store.rb:112:in `set'
sprockets (4.2.1) lib/sprockets/cache.rb:227:in `set'
sprockets (4.2.1) lib/sprockets/cache.rb:143:in `set'
sprockets (4.2.1) lib/sprockets/loader.rb:265:in `store_asset'
sprockets (4.2.1) lib/sprockets/loader.rb:228:in `load_from_unloaded'
sprockets (4.2.1) lib/sprockets/loader.rb:59:in `block in load'
sprockets (4.2.1) lib/sprockets/loader.rb:339:in `fetch_asset_from_dependency_cache'
sprockets (4.2.1) lib/sprockets/loader.rb:43:in `load'
sprockets (4.2.1) lib/sprockets/cached_environment.rb:44:in `block in load'
concurrent-ruby (1.2.2) lib/concurrent-ruby/concurrent/map.rb:207:in `block in fetch_or_store'
concurrent-ruby (1.2.2) lib/concurrent-ruby/concurrent/map.rb:187:in `fetch'
concurrent-ruby (1.2.2) lib/concurrent-ruby/concurrent/map.rb:206:in `fetch_or_store'
sprockets (4.2.1) lib/sprockets/cached_environment.rb:44:in `load'
sprockets (4.2.1) lib/sprockets/base.rb:81:in `find_asset'
sprockets (4.2.1) lib/sprockets/base.rb:88:in `find_all_linked_assets'
sprockets (4.2.1) lib/sprockets/manifest.rb:125:in `each'
sprockets (4.2.1) lib/sprockets/manifest.rb:125:in `to_a'
sprockets (4.2.1) lib/sprockets/manifest.rb:125:in `block (2 levels) in find'
concurrent-ruby (1.2.2) lib/concurrent-ruby/concurrent/executor/safe_task_executor.rb:24:in `block in execute'
concurrent-ruby (1.2.2) lib/concurrent-ruby/concurrent/synchronization/mutex_lockable_object.rb:48:in `block in synchronize'
concurrent-ruby (1.2.2) lib/concurrent-ruby/concurrent/synchronization/mutex_lockable_object.rb:48:in `synchronize'
concurrent-ruby (1.2.2) lib/concurrent-ruby/concurrent/synchronization/mutex_lockable_object.rb:48:in `synchronize'
concurrent-ruby (1.2.2) lib/concurrent-ruby/concurrent/executor/safe_task_executor.rb:22:in `execute'
concurrent-ruby (1.2.2) lib/concurrent-ruby/concurrent/promise.rb:564:in `block in realize'
concurrent-ruby (1.2.2) lib/concurrent-ruby/concurrent/executor/ruby_thread_pool_executor.rb:352:in `run_task'
concurrent-ruby (1.2.2) lib/concurrent-ruby/concurrent/executor/ruby_thread_pool_executor.rb:343:in `block (3 levels) in create_worker'
concurrent-ruby (1.2.2) lib/concurrent-ruby/concurrent/executor/ruby_thread_pool_executor.rb:334:in `loop'
concurrent-ruby (1.2.2) lib/concurrent-ruby/concurrent/executor/ruby_thread_pool_executor.rb:334:in `block (2 levels) in create_worker'
concurrent-ruby (1.2.2) lib/concurrent-ruby/concurrent/executor/ruby_thread_pool_executor.rb:333:in `catch'
concurrent-ruby (1.2.2) lib/concurrent-ruby/concurrent/executor/ruby_thread_pool_executor.rb:333:in `block in create_worker'
Started GET "/pages/hello" for ::1 at 2023-09-26 12:05:01 -0300
Processing by PagesController#hello as HTML
  Rendering layout layouts/application.html.erb
  Rendering pages/hello.html.erb within layouts/application
  Rendered pages/hello.html.erb within layouts/application (Duration: 0.1ms | Allocations: 9)
  Rendered layout layouts/application.html.erb (Duration: 77.4ms | Allocations: 18680)
Completed 200 OK in 80ms (Views: 78.2ms | ActiveRecord: 0.0ms | Allocations: 18983)


Started GET "/" for ::1 at 2023-09-26 12:07:22 -0300
Processing by PagesController#hello as HTML
  Rendering layout layouts/application.html.erb
  Rendering pages/hello.html.erb within layouts/application
  Rendered pages/hello.html.erb within layouts/application (Duration: 0.0ms | Allocations: 13)
  Rendered layout layouts/application.html.erb (Duration: 3.2ms | Allocations: 1374)
Completed 200 OK in 6ms (Views: 4.3ms | ActiveRecord: 0.0ms | Allocations: 1957)


